<?xml version="1.0" encoding="UTF-8"?>
<robot generator="Robot 3.1.2 (Python 3.7.3 on win32)" generated="20200401 09:34:02.536" rpa="false">
<suite id="s1" name="DemoRobotFramework01" source="D:\Robot\DemoRobotFramework01">
<suite id="s1-s1" name="Testsuites" source="D:\Robot\DemoRobotFramework01\testsuites">
<suite id="s1-s1-s1" name="Testsuits Web" source="D:\Robot\DemoRobotFramework01\testsuites\testsuits_web">
<suite id="s1-s1-s1-s1" name="Create Account" source="D:\Robot\DemoRobotFramework01\testsuites\testsuits_web\create_account">
<suite id="s1-s1-s1-s1-s1" name="Account Testsuite Testbed" source="D:\Robot\DemoRobotFramework01\testsuites\testsuits_web\create_account\account_testsuite_testbed.robot">
<test id="s1-s1-s1-s1-s1-t1" name="ATDA001 Account page - Verify create a new account with invalid information - WIN1">
<kw name="Log To Console" library="BuiltIn">
<doc>Logs the given message to the console.</doc>
<arguments>
<arg>Hello</arg>
</arguments>
<status status="PASS" starttime="20200401 09:34:02.799" endtime="20200401 09:34:02.800"></status>
</kw>
<kw name="Open Browser" library="browser_01">
<doc>Launch web browser with ATDA server info</doc>
<arguments>
<arg>http://robotframework.org</arg>
</arguments>
<msg timestamp="20200401 09:34:02.800" level="INFO">Creating driver for non Web app: ANY</msg>
<status status="PASS" starttime="20200401 09:34:02.800" endtime="20200401 09:34:08.794"></status>
</kw>
<kw name="Sleep" library="BuiltIn">
<doc>Pauses the test executed for the given time.</doc>
<arguments>
<arg>5s</arg>
</arguments>
<msg timestamp="20200401 09:34:13.795" level="INFO">Slept 5 seconds</msg>
<status status="PASS" starttime="20200401 09:34:08.795" endtime="20200401 09:34:13.795"></status>
</kw>
<kw name="Close Browser" library="browser_01">
<doc>Close web browser</doc>
<msg timestamp="20200401 09:34:13.796" level="INFO">Start function close_browser</msg>
<msg timestamp="20200401 09:34:13.855" level="INFO">close_browser successfully</msg>
<status status="PASS" starttime="20200401 09:34:13.795" endtime="20200401 09:34:13.856"></status>
</kw>
<status status="PASS" starttime="20200401 09:34:02.799" endtime="20200401 09:34:13.856" critical="yes"></status>
</test>
<test id="s1-s1-s1-s1-s1-t2" name="ATDA001 Account page - Verify create a new account with invalid information">
<kw name="Open Browser" library="browser_02">
<doc>Launch web browser with ATDA server info</doc>
<arguments>
<arg>http://robotframework.org</arg>
</arguments>
<msg timestamp="20200401 09:34:13.860" level="INFO">Creating driver for non Web app: ANY</msg>
<status status="PASS" starttime="20200401 09:34:13.857" endtime="20200401 09:34:19.062"></status>
</kw>
<kw name="Sleep" library="BuiltIn">
<doc>Pauses the test executed for the given time.</doc>
<arguments>
<arg>5s</arg>
</arguments>
<msg timestamp="20200401 09:34:24.064" level="INFO">Slept 5 seconds</msg>
<status status="PASS" starttime="20200401 09:34:19.062" endtime="20200401 09:34:24.064"></status>
</kw>
<kw name="Nav To Create Account Page" library="browser_02">
<doc>navigate to creare account page</doc>
<msg timestamp="20200401 09:34:24.065" level="INFO">start function navigate to create account page</msg>
<msg timestamp="20200401 09:34:24.065" level="INFO">start click create button</msg>
<msg timestamp="20200401 09:34:24.087" level="FAIL">NoSuchElementException: Message: no such element: Unable to locate element: {"method":"xpath","selector":"//a[@href='/register']"}
  (Session info: chrome=80.0.3987.149)
</msg>
<status status="FAIL" starttime="20200401 09:34:24.064" endtime="20200401 09:34:24.087"></status>
</kw>
<status status="FAIL" starttime="20200401 09:34:13.857" endtime="20200401 09:34:24.088" critical="yes">NoSuchElementException: Message: no such element: Unable to locate element: {"method":"xpath","selector":"//a[@href='/register']"}
  (Session info: chrome=80.0.3987.149)
</status>
</test>
<status status="FAIL" starttime="20200401 09:34:02.609" endtime="20200401 09:34:24.089"></status>
</suite>
<status status="FAIL" starttime="20200401 09:34:02.607" endtime="20200401 09:34:24.091"></status>
</suite>
<status status="FAIL" starttime="20200401 09:34:02.605" endtime="20200401 09:34:24.092"></status>
</suite>
<status status="FAIL" starttime="20200401 09:34:02.603" endtime="20200401 09:34:24.094"></status>
</suite>
<status status="FAIL" starttime="20200401 09:34:02.582" endtime="20200401 09:34:24.096"></status>
</suite>
<statistics>
<total>
<stat pass="1" fail="1">Critical Tests</stat>
<stat pass="1" fail="1">All Tests</stat>
</total>
<tag>
</tag>
<suite>
<stat pass="1" fail="1" id="s1" name="DemoRobotFramework01">DemoRobotFramework01</stat>
<stat pass="1" fail="1" id="s1-s1" name="Testsuites">DemoRobotFramework01.Testsuites</stat>
<stat pass="1" fail="1" id="s1-s1-s1" name="Testsuits Web">DemoRobotFramework01.Testsuites.Testsuits Web</stat>
<stat pass="1" fail="1" id="s1-s1-s1-s1" name="Create Account">DemoRobotFramework01.Testsuites.Testsuits Web.Create Account</stat>
<stat pass="1" fail="1" id="s1-s1-s1-s1-s1" name="Account Testsuite Testbed">DemoRobotFramework01.Testsuites.Testsuits Web.Create Account.Account Testsuite Testbed</stat>
</suite>
</statistics>
<errors>
</errors>
</robot>
